The system is: Darwin - 24.5.0 - arm64
Compiling the C compiler identification source file "CMakeCCompilerId.c" succeeded.
Compiler: /opt/homebrew/bin/gcc-15 
Build flags: 
Id flags:  

The output was:
0


Compilation of the C compiler identification source "CMakeCCompilerId.c" produced "a.out"

The C compiler identification is GNU, found in "/Users/p/Documents/studium/TH_Köln/6_FS/PPRA/Projekt/fractals/github_repo/PPRA_Fractals/sources/Backend/c/cmake-build-debug/CMakeFiles/3.25.2/CompilerIdC/a.out"

Detecting C compiler ABI info compiled with the following output:
Change Dir: /Users/p/Documents/studium/TH_Köln/6_FS/PPRA/Projekt/fractals/github_repo/PPRA_Fractals/sources/Backend/c/cmake-build-debug/CMakeFiles/CMakeScratch/TryCompile-EpVLkQ

Run Build Command(s):/Applications/CLion.app/Contents/bin/ninja/mac/ninja cmTC_0a8dc && [1/2] Building C object CMakeFiles/cmTC_0a8dc.dir/CMakeCCompilerABI.c.o
Using built-in specs.
COLLECT_GCC=/opt/homebrew/bin/gcc-15
Target: aarch64-apple-darwin24
Configured with: ../configure --prefix=/opt/homebrew/opt/gcc --libdir=/opt/homebrew/opt/gcc/lib/gcc/current --disable-nls --enable-checking=release --with-gcc-major-version-only --enable-languages=c,c++,objc,obj-c++,fortran --program-suffix=-15 --with-gmp=/opt/homebrew/opt/gmp --with-mpfr=/opt/homebrew/opt/mpfr --with-mpc=/opt/homebrew/opt/libmpc --with-isl=/opt/homebrew/opt/isl --with-zstd=/opt/homebrew/opt/zstd --with-pkgversion='Homebrew GCC 15.1.0' --with-bugurl=https://github.com/Homebrew/homebrew-core/issues --with-system-zlib --build=aarch64-apple-darwin24 --with-sysroot=/Library/Developer/CommandLineTools/SDKs/MacOSX15.sdk
Thread model: posix
Supported LTO compression algorithms: zlib zstd
gcc version 15.1.0 (Homebrew GCC 15.1.0) 
COLLECT_GCC_OPTIONS='-fdiagnostics-color=always' '-isysroot' '/Library/Developer/CommandLineTools/SDKs/MacOSX15.5.sdk' '-v' '-o' 'CMakeFiles/cmTC_0a8dc.dir/CMakeCCompilerABI.c.o' '-c' '-mmacosx-version-min=15.0.0' '-asm_macosx_version_min=15.0' '-nodefaultexport' '-mcpu=apple-m1' '-mlittle-endian' '-mabi=lp64' '-dumpdir' 'CMakeFiles/cmTC_0a8dc.dir/'
 /opt/homebrew/Cellar/gcc/15.1.0/bin/../libexec/gcc/aarch64-apple-darwin24/15/cc1 -quiet -v -iprefix /opt/homebrew/Cellar/gcc/15.1.0/bin/../lib/gcc/current/gcc/aarch64-apple-darwin24/15/ -D__DYNAMIC__ -isysroot /Library/Developer/CommandLineTools/SDKs/MacOSX15.5.sdk /Applications/CLion.app/Contents/bin/cmake/mac/share/cmake-3.25/Modules/CMakeCCompilerABI.c -fPIC -quiet -dumpdir CMakeFiles/cmTC_0a8dc.dir/ -dumpbase CMakeCCompilerABI.c.c -dumpbase-ext .c -mmacosx-version-min=15.0.0 -mcpu=apple-m1 -mlittle-endian -mabi=lp64 -version -fdiagnostics-color=always -o /var/folders/36/8f711y692mg69kwmv2g8nkp00000gn/T//ccDY4Tr7.s
GNU C23 (Homebrew GCC 15.1.0) version 15.1.0 (aarch64-apple-darwin24)
	compiled by GNU C version 15.1.0, GMP version 6.3.0, MPFR version 4.2.2, MPC version 1.3.1, isl version isl-0.27-GMP

GGC heuristics: --param ggc-min-expand=100 --param ggc-min-heapsize=131072
ignoring nonexistent directory "/opt/homebrew/Cellar/gcc/15.1.0/bin/../lib/gcc/current/gcc/aarch64-apple-darwin24/15/../../../../../../aarch64-apple-darwin24/include"
ignoring duplicate directory "/opt/homebrew/Cellar/gcc/15.1.0/bin/../lib/gcc/current/gcc/../../../../lib/gcc/current/gcc/aarch64-apple-darwin24/15/include"
ignoring nonexistent directory "/Library/Developer/CommandLineTools/SDKs/MacOSX15.5.sdk/usr/local/include"
ignoring duplicate directory "/opt/homebrew/Cellar/gcc/15.1.0/bin/../lib/gcc/current/gcc/../../../../lib/gcc/current/gcc/aarch64-apple-darwin24/15/include-fixed"
ignoring nonexistent directory "/opt/homebrew/Cellar/gcc/15.1.0/bin/../lib/gcc/current/gcc/../../../../lib/gcc/current/gcc/aarch64-apple-darwin24/15/../../../../../../aarch64-apple-darwin24/include"
ignoring nonexistent directory "/Library/Developer/CommandLineTools/SDKs/MacOSX15.5.sdk/Library/Frameworks"
#include "..." search starts here:
#include <...> search starts here:
 /opt/homebrew/Cellar/gcc/15.1.0/bin/../lib/gcc/current/gcc/aarch64-apple-darwin24/15/include
 /opt/homebrew/Cellar/gcc/15.1.0/bin/../lib/gcc/current/gcc/aarch64-apple-darwin24/15/include-fixed
 /Library/Developer/CommandLineTools/SDKs/MacOSX15.5.sdk/usr/include
 /Library/Developer/CommandLineTools/SDKs/MacOSX15.5.sdk/System/Library/Frameworks
End of search list.
Compiler executable checksum: e7bd0a5e559155341ac508414b8242b3
COLLECT_GCC_OPTIONS='-fdiagnostics-color=always' '-isysroot' '/Library/Developer/CommandLineTools/SDKs/MacOSX15.5.sdk' '-v' '-o' 'CMakeFiles/cmTC_0a8dc.dir/CMakeCCompilerABI.c.o' '-c' '-mmacosx-version-min=15.0.0'  '-nodefaultexport' '-mcpu=apple-m1' '-mlittle-endian' '-mabi=lp64' '-dumpdir' 'CMakeFiles/cmTC_0a8dc.dir/'
 as -arch arm64 -v -mmacosx-version-min=15.0 -o CMakeFiles/cmTC_0a8dc.dir/CMakeCCompilerABI.c.o /var/folders/36/8f711y692mg69kwmv2g8nkp00000gn/T//ccDY4Tr7.s
Apple clang version 17.0.0 (clang-1700.0.13.5)
Target: arm64-apple-darwin24.5.0
Thread model: posix
InstalledDir: /Library/Developer/CommandLineTools/usr/bin
 "/Library/Developer/CommandLineTools/usr/bin/clang" -cc1as -triple arm64-apple-macosx15.0.0 -target-sdk-version=15.5 -filetype obj -main-file-name ccDY4Tr7.s -target-cpu apple-m1 -target-feature +zcm -target-feature +zcz -target-feature +v8.5a -target-feature +aes -target-feature +altnzcv -target-feature +ccdp -target-feature +complxnum -target-feature +crc -target-feature +dotprod -target-feature +fp-armv8 -target-feature +fp16fml -target-feature +fptoint -target-feature +fullfp16 -target-feature +jsconv -target-feature +lse -target-feature +neon -target-feature +pauth -target-feature +perfmon -target-feature +predres -target-feature +ras -target-feature +rcpc -target-feature +rdm -target-feature +sb -target-feature +sha2 -target-feature +sha3 -target-feature +specrestrict -target-feature +ssbs -fdebug-compilation-dir=/Users/p/Documents/studium/TH_Köln/6_FS/PPRA/Projekt/fractals/github_repo/PPRA_Fractals/sources/Backend/c/cmake-build-debug/CMakeFiles/CMakeScratch/TryCompile-EpVLkQ -dwarf-debug-producer "Apple clang version 17.0.0 (clang-1700.0.13.5)" -dwarf-version=5 -mrelocation-model pic -o CMakeFiles/cmTC_0a8dc.dir/CMakeCCompilerABI.c.o /var/folders/36/8f711y692mg69kwmv2g8nkp00000gn/T//ccDY4Tr7.s
COMPILER_PATH=/opt/homebrew/Cellar/gcc/15.1.0/bin/../libexec/gcc/aarch64-apple-darwin24/15/:/opt/homebrew/Cellar/gcc/15.1.0/bin/../libexec/gcc/
LIBRARY_PATH=/opt/homebrew/Cellar/gcc/15.1.0/bin/../lib/gcc/current/gcc/aarch64-apple-darwin24/15/:/opt/homebrew/Cellar/gcc/15.1.0/bin/../lib/gcc/current/gcc/:/opt/homebrew/Cellar/gcc/15.1.0/bin/../lib/gcc/current/gcc/aarch64-apple-darwin24/15/../../../
COLLECT_GCC_OPTIONS='-fdiagnostics-color=always' '-isysroot' '/Library/Developer/CommandLineTools/SDKs/MacOSX15.5.sdk' '-v' '-o' 'CMakeFiles/cmTC_0a8dc.dir/CMakeCCompilerABI.c.o' '-c' '-mmacosx-version-min=15.0.0'  '-nodefaultexport' '-mcpu=apple-m1' '-mlittle-endian' '-mabi=lp64' '-dumpdir' 'CMakeFiles/cmTC_0a8dc.dir/CMakeCCompilerABI.c.'
[2/2] Linking C executable cmTC_0a8dc
Using built-in specs.
COLLECT_GCC=/opt/homebrew/bin/gcc-15
COLLECT_LTO_WRAPPER=/opt/homebrew/Cellar/gcc/15.1.0/bin/../libexec/gcc/aarch64-apple-darwin24/15/lto-wrapper
Target: aarch64-apple-darwin24
Configured with: ../configure --prefix=/opt/homebrew/opt/gcc --libdir=/opt/homebrew/opt/gcc/lib/gcc/current --disable-nls --enable-checking=release --with-gcc-major-version-only --enable-languages=c,c++,objc,obj-c++,fortran --program-suffix=-15 --with-gmp=/opt/homebrew/opt/gmp --with-mpfr=/opt/homebrew/opt/mpfr --with-mpc=/opt/homebrew/opt/libmpc --with-isl=/opt/homebrew/opt/isl --with-zstd=/opt/homebrew/opt/zstd --with-pkgversion='Homebrew GCC 15.1.0' --with-bugurl=https://github.com/Homebrew/homebrew-core/issues --with-system-zlib --build=aarch64-apple-darwin24 --with-sysroot=/Library/Developer/CommandLineTools/SDKs/MacOSX15.sdk
Thread model: posix
Supported LTO compression algorithms: zlib zstd
gcc version 15.1.0 (Homebrew GCC 15.1.0) 
COMPILER_PATH=/opt/homebrew/Cellar/gcc/15.1.0/bin/../libexec/gcc/aarch64-apple-darwin24/15/:/opt/homebrew/Cellar/gcc/15.1.0/bin/../libexec/gcc/
LIBRARY_PATH=/opt/homebrew/Cellar/gcc/15.1.0/bin/../lib/gcc/current/gcc/aarch64-apple-darwin24/15/:/opt/homebrew/Cellar/gcc/15.1.0/bin/../lib/gcc/current/gcc/:/opt/homebrew/Cellar/gcc/15.1.0/bin/../lib/gcc/current/gcc/aarch64-apple-darwin24/15/../../../
COLLECT_GCC_OPTIONS='-isysroot' '/Library/Developer/CommandLineTools/SDKs/MacOSX15.5.sdk' '-v' '-o' 'cmTC_0a8dc' '-mmacosx-version-min=15.0.0' '-asm_macosx_version_min=15.0' '-nodefaultexport' '-mcpu=apple-m1' '-mlittle-endian' '-mabi=lp64' '-dumpdir' 'cmTC_0a8dc.'
 /opt/homebrew/Cellar/gcc/15.1.0/bin/../libexec/gcc/aarch64-apple-darwin24/15/collect2 -demangle -dynamic -arch arm64 -syslibroot /Library/Developer/CommandLineTools/SDKs/MacOSX15.5.sdk -macos_version_min 15.0.0 -o cmTC_0a8dc -L/opt/homebrew/Cellar/gcc/15.1.0/bin/../lib/gcc/current/gcc/aarch64-apple-darwin24/15 -L/opt/homebrew/Cellar/gcc/15.1.0/bin/../lib/gcc/current/gcc -L/opt/homebrew/Cellar/gcc/15.1.0/bin/../lib/gcc/current/gcc/aarch64-apple-darwin24/15/../../.. -lemutls_w -lheapt_w -search_paths_first -headerpad_max_install_names -v CMakeFiles/cmTC_0a8dc.dir/CMakeCCompilerABI.c.o -lgcc -lSystem -no_compact_unwind -rpath @loader_path -rpath /opt/homebrew/Cellar/gcc/15.1.0/lib/gcc/current/gcc/aarch64-apple-darwin24/15 -rpath /opt/homebrew/Cellar/gcc/15.1.0/lib/gcc/current/gcc -rpath /opt/homebrew/Cellar/gcc/15.1.0/lib/gcc/current
collect2 version 15.1.0
/usr/bin/ld -demangle -dynamic -arch arm64 -syslibroot /Library/Developer/CommandLineTools/SDKs/MacOSX15.5.sdk -macos_version_min 15.0.0 -o cmTC_0a8dc -L/opt/homebrew/Cellar/gcc/15.1.0/bin/../lib/gcc/current/gcc/aarch64-apple-darwin24/15 -L/opt/homebrew/Cellar/gcc/15.1.0/bin/../lib/gcc/current/gcc -L/opt/homebrew/Cellar/gcc/15.1.0/bin/../lib/gcc/current/gcc/aarch64-apple-darwin24/15/../../.. -lemutls_w -lheapt_w -search_paths_first -headerpad_max_install_names -v CMakeFiles/cmTC_0a8dc.dir/CMakeCCompilerABI.c.o -lgcc -lSystem -no_compact_unwind -rpath @loader_path -rpath /opt/homebrew/Cellar/gcc/15.1.0/lib/gcc/current/gcc/aarch64-apple-darwin24/15 -rpath /opt/homebrew/Cellar/gcc/15.1.0/lib/gcc/current/gcc -rpath /opt/homebrew/Cellar/gcc/15.1.0/lib/gcc/current
@(#)PROGRAM:ld PROJECT:ld-1167.5
BUILD 01:45:05 Apr 30 2025
configured to support archs: armv6 armv7 armv7s arm64 arm64e arm64_32 i386 x86_64 x86_64h armv6m armv7k armv7m armv7em
will use ld-classic for: armv6 armv7 armv7s i386 armv6m armv7k armv7m armv7em
LTO support using: LLVM version 17.0.0 (static support for 29, runtime is 29)
TAPI support using: Apple TAPI version 17.0.0 (tapi-1700.0.3.5)
Library search paths:
	/opt/homebrew/Cellar/gcc/15.1.0/lib/gcc/current/gcc/aarch64-apple-darwin24/15
	/opt/homebrew/Cellar/gcc/15.1.0/lib/gcc/current/gcc
	/opt/homebrew/Cellar/gcc/15.1.0/lib/gcc/current
	/Library/Developer/CommandLineTools/SDKs/MacOSX15.5.sdk/usr/lib
	/Library/Developer/CommandLineTools/SDKs/MacOSX15.5.sdk/usr/lib/swift
Framework search paths:
	/Library/Developer/CommandLineTools/SDKs/MacOSX15.5.sdk/System/Library/Frameworks



Parsed C implicit include dir info from above output: rv=done
  found start of include info
  found start of implicit include info
    add: [/opt/homebrew/Cellar/gcc/15.1.0/bin/../lib/gcc/current/gcc/aarch64-apple-darwin24/15/include]
    add: [/opt/homebrew/Cellar/gcc/15.1.0/bin/../lib/gcc/current/gcc/aarch64-apple-darwin24/15/include-fixed]
    add: [/Library/Developer/CommandLineTools/SDKs/MacOSX15.5.sdk/usr/include]
    add: [/Library/Developer/CommandLineTools/SDKs/MacOSX15.5.sdk/System/Library/Frameworks]
  end of search list found
  collapse include dir [/opt/homebrew/Cellar/gcc/15.1.0/bin/../lib/gcc/current/gcc/aarch64-apple-darwin24/15/include] ==> [/opt/homebrew/Cellar/gcc/15.1.0/lib/gcc/current/gcc/aarch64-apple-darwin24/15/include]
  collapse include dir [/opt/homebrew/Cellar/gcc/15.1.0/bin/../lib/gcc/current/gcc/aarch64-apple-darwin24/15/include-fixed] ==> [/opt/homebrew/Cellar/gcc/15.1.0/lib/gcc/current/gcc/aarch64-apple-darwin24/15/include-fixed]
  collapse include dir [/Library/Developer/CommandLineTools/SDKs/MacOSX15.5.sdk/usr/include] ==> [/Library/Developer/CommandLineTools/SDKs/MacOSX15.5.sdk/usr/include]
  collapse include dir [/Library/Developer/CommandLineTools/SDKs/MacOSX15.5.sdk/System/Library/Frameworks] ==> [/Library/Developer/CommandLineTools/SDKs/MacOSX15.5.sdk/System/Library/Frameworks]
  implicit include dirs: [/opt/homebrew/Cellar/gcc/15.1.0/lib/gcc/current/gcc/aarch64-apple-darwin24/15/include;/opt/homebrew/Cellar/gcc/15.1.0/lib/gcc/current/gcc/aarch64-apple-darwin24/15/include-fixed;/Library/Developer/CommandLineTools/SDKs/MacOSX15.5.sdk/usr/include;/Library/Developer/CommandLineTools/SDKs/MacOSX15.5.sdk/System/Library/Frameworks]


Parsed C implicit link information from above output:
  link line regex: [^( *|.*[/\])(ld|CMAKE_LINK_STARTFILE-NOTFOUND|([^/\]+-)?ld|collect2)[^/\]*( |$)]
  ignore line: [Change Dir: /Users/p/Documents/studium/TH_Köln/6_FS/PPRA/Projekt/fractals/github_repo/PPRA_Fractals/sources/Backend/c/cmake-build-debug/CMakeFiles/CMakeScratch/TryCompile-EpVLkQ]
  ignore line: []
  ignore line: [Run Build Command(s):/Applications/CLion.app/Contents/bin/ninja/mac/ninja cmTC_0a8dc && [1/2] Building C object CMakeFiles/cmTC_0a8dc.dir/CMakeCCompilerABI.c.o]
  ignore line: [Using built-in specs.]
  ignore line: [COLLECT_GCC=/opt/homebrew/bin/gcc-15]
  ignore line: [Target: aarch64-apple-darwin24]
  ignore line: [Configured with: ../configure --prefix=/opt/homebrew/opt/gcc --libdir=/opt/homebrew/opt/gcc/lib/gcc/current --disable-nls --enable-checking=release --with-gcc-major-version-only --enable-languages=c c++ objc obj-c++ fortran --program-suffix=-15 --with-gmp=/opt/homebrew/opt/gmp --with-mpfr=/opt/homebrew/opt/mpfr --with-mpc=/opt/homebrew/opt/libmpc --with-isl=/opt/homebrew/opt/isl --with-zstd=/opt/homebrew/opt/zstd --with-pkgversion='Homebrew GCC 15.1.0' --with-bugurl=https://github.com/Homebrew/homebrew-core/issues --with-system-zlib --build=aarch64-apple-darwin24 --with-sysroot=/Library/Developer/CommandLineTools/SDKs/MacOSX15.sdk]
  ignore line: [Thread model: posix]
  ignore line: [Supported LTO compression algorithms: zlib zstd]
  ignore line: [gcc version 15.1.0 (Homebrew GCC 15.1.0) ]
  ignore line: [COLLECT_GCC_OPTIONS='-fdiagnostics-color=always' '-isysroot' '/Library/Developer/CommandLineTools/SDKs/MacOSX15.5.sdk' '-v' '-o' 'CMakeFiles/cmTC_0a8dc.dir/CMakeCCompilerABI.c.o' '-c' '-mmacosx-version-min=15.0.0' '-asm_macosx_version_min=15.0' '-nodefaultexport' '-mcpu=apple-m1' '-mlittle-endian' '-mabi=lp64' '-dumpdir' 'CMakeFiles/cmTC_0a8dc.dir/']
  ignore line: [ /opt/homebrew/Cellar/gcc/15.1.0/bin/../libexec/gcc/aarch64-apple-darwin24/15/cc1 -quiet -v -iprefix /opt/homebrew/Cellar/gcc/15.1.0/bin/../lib/gcc/current/gcc/aarch64-apple-darwin24/15/ -D__DYNAMIC__ -isysroot /Library/Developer/CommandLineTools/SDKs/MacOSX15.5.sdk /Applications/CLion.app/Contents/bin/cmake/mac/share/cmake-3.25/Modules/CMakeCCompilerABI.c -fPIC -quiet -dumpdir CMakeFiles/cmTC_0a8dc.dir/ -dumpbase CMakeCCompilerABI.c.c -dumpbase-ext .c -mmacosx-version-min=15.0.0 -mcpu=apple-m1 -mlittle-endian -mabi=lp64 -version -fdiagnostics-color=always -o /var/folders/36/8f711y692mg69kwmv2g8nkp00000gn/T//ccDY4Tr7.s]
  ignore line: [GNU C23 (Homebrew GCC 15.1.0) version 15.1.0 (aarch64-apple-darwin24)]
  ignore line: [	compiled by GNU C version 15.1.0  GMP version 6.3.0  MPFR version 4.2.2  MPC version 1.3.1  isl version isl-0.27-GMP]
  ignore line: []
  ignore line: [GGC heuristics: --param ggc-min-expand=100 --param ggc-min-heapsize=131072]
  ignore line: [ignoring nonexistent directory "/opt/homebrew/Cellar/gcc/15.1.0/bin/../lib/gcc/current/gcc/aarch64-apple-darwin24/15/../../../../../../aarch64-apple-darwin24/include"]
  ignore line: [ignoring duplicate directory "/opt/homebrew/Cellar/gcc/15.1.0/bin/../lib/gcc/current/gcc/../../../../lib/gcc/current/gcc/aarch64-apple-darwin24/15/include"]
  ignore line: [ignoring nonexistent directory "/Library/Developer/CommandLineTools/SDKs/MacOSX15.5.sdk/usr/local/include"]
  ignore line: [ignoring duplicate directory "/opt/homebrew/Cellar/gcc/15.1.0/bin/../lib/gcc/current/gcc/../../../../lib/gcc/current/gcc/aarch64-apple-darwin24/15/include-fixed"]
  ignore line: [ignoring nonexistent directory "/opt/homebrew/Cellar/gcc/15.1.0/bin/../lib/gcc/current/gcc/../../../../lib/gcc/current/gcc/aarch64-apple-darwin24/15/../../../../../../aarch64-apple-darwin24/include"]
  ignore line: [ignoring nonexistent directory "/Library/Developer/CommandLineTools/SDKs/MacOSX15.5.sdk/Library/Frameworks"]
  ignore line: [#include "..." search starts here:]
  ignore line: [#include <...> search starts here:]
  ignore line: [ /opt/homebrew/Cellar/gcc/15.1.0/bin/../lib/gcc/current/gcc/aarch64-apple-darwin24/15/include]
  ignore line: [ /opt/homebrew/Cellar/gcc/15.1.0/bin/../lib/gcc/current/gcc/aarch64-apple-darwin24/15/include-fixed]
  ignore line: [ /Library/Developer/CommandLineTools/SDKs/MacOSX15.5.sdk/usr/include]
  ignore line: [ /Library/Developer/CommandLineTools/SDKs/MacOSX15.5.sdk/System/Library/Frameworks]
  ignore line: [End of search list.]
  ignore line: [Compiler executable checksum: e7bd0a5e559155341ac508414b8242b3]
  ignore line: [COLLECT_GCC_OPTIONS='-fdiagnostics-color=always' '-isysroot' '/Library/Developer/CommandLineTools/SDKs/MacOSX15.5.sdk' '-v' '-o' 'CMakeFiles/cmTC_0a8dc.dir/CMakeCCompilerABI.c.o' '-c' '-mmacosx-version-min=15.0.0'  '-nodefaultexport' '-mcpu=apple-m1' '-mlittle-endian' '-mabi=lp64' '-dumpdir' 'CMakeFiles/cmTC_0a8dc.dir/']
  ignore line: [ as -arch arm64 -v -mmacosx-version-min=15.0 -o CMakeFiles/cmTC_0a8dc.dir/CMakeCCompilerABI.c.o /var/folders/36/8f711y692mg69kwmv2g8nkp00000gn/T//ccDY4Tr7.s]
  ignore line: [Apple clang version 17.0.0 (clang-1700.0.13.5)]
  ignore line: [Target: arm64-apple-darwin24.5.0]
  ignore line: [Thread model: posix]
  ignore line: [InstalledDir: /Library/Developer/CommandLineTools/usr/bin]
  ignore line: [ "/Library/Developer/CommandLineTools/usr/bin/clang" -cc1as -triple arm64-apple-macosx15.0.0 -target-sdk-version=15.5 -filetype obj -main-file-name ccDY4Tr7.s -target-cpu apple-m1 -target-feature +zcm -target-feature +zcz -target-feature +v8.5a -target-feature +aes -target-feature +altnzcv -target-feature +ccdp -target-feature +complxnum -target-feature +crc -target-feature +dotprod -target-feature +fp-armv8 -target-feature +fp16fml -target-feature +fptoint -target-feature +fullfp16 -target-feature +jsconv -target-feature +lse -target-feature +neon -target-feature +pauth -target-feature +perfmon -target-feature +predres -target-feature +ras -target-feature +rcpc -target-feature +rdm -target-feature +sb -target-feature +sha2 -target-feature +sha3 -target-feature +specrestrict -target-feature +ssbs -fdebug-compilation-dir=/Users/p/Documents/studium/TH_Köln/6_FS/PPRA/Projekt/fractals/github_repo/PPRA_Fractals/sources/Backend/c/cmake-build-debug/CMakeFiles/CMakeScratch/TryCompile-EpVLkQ -dwarf-debug-producer "Apple clang version 17.0.0 (clang-1700.0.13.5)" -dwarf-version=5 -mrelocation-model pic -o CMakeFiles/cmTC_0a8dc.dir/CMakeCCompilerABI.c.o /var/folders/36/8f711y692mg69kwmv2g8nkp00000gn/T//ccDY4Tr7.s]
  ignore line: [COMPILER_PATH=/opt/homebrew/Cellar/gcc/15.1.0/bin/../libexec/gcc/aarch64-apple-darwin24/15/:/opt/homebrew/Cellar/gcc/15.1.0/bin/../libexec/gcc/]
  ignore line: [LIBRARY_PATH=/opt/homebrew/Cellar/gcc/15.1.0/bin/../lib/gcc/current/gcc/aarch64-apple-darwin24/15/:/opt/homebrew/Cellar/gcc/15.1.0/bin/../lib/gcc/current/gcc/:/opt/homebrew/Cellar/gcc/15.1.0/bin/../lib/gcc/current/gcc/aarch64-apple-darwin24/15/../../../]
  ignore line: [COLLECT_GCC_OPTIONS='-fdiagnostics-color=always' '-isysroot' '/Library/Developer/CommandLineTools/SDKs/MacOSX15.5.sdk' '-v' '-o' 'CMakeFiles/cmTC_0a8dc.dir/CMakeCCompilerABI.c.o' '-c' '-mmacosx-version-min=15.0.0'  '-nodefaultexport' '-mcpu=apple-m1' '-mlittle-endian' '-mabi=lp64' '-dumpdir' 'CMakeFiles/cmTC_0a8dc.dir/CMakeCCompilerABI.c.']
  ignore line: [[2/2] Linking C executable cmTC_0a8dc]
  ignore line: [Using built-in specs.]
  ignore line: [COLLECT_GCC=/opt/homebrew/bin/gcc-15]
  ignore line: [COLLECT_LTO_WRAPPER=/opt/homebrew/Cellar/gcc/15.1.0/bin/../libexec/gcc/aarch64-apple-darwin24/15/lto-wrapper]
  ignore line: [Target: aarch64-apple-darwin24]
  ignore line: [Configured with: ../configure --prefix=/opt/homebrew/opt/gcc --libdir=/opt/homebrew/opt/gcc/lib/gcc/current --disable-nls --enable-checking=release --with-gcc-major-version-only --enable-languages=c c++ objc obj-c++ fortran --program-suffix=-15 --with-gmp=/opt/homebrew/opt/gmp --with-mpfr=/opt/homebrew/opt/mpfr --with-mpc=/opt/homebrew/opt/libmpc --with-isl=/opt/homebrew/opt/isl --with-zstd=/opt/homebrew/opt/zstd --with-pkgversion='Homebrew GCC 15.1.0' --with-bugurl=https://github.com/Homebrew/homebrew-core/issues --with-system-zlib --build=aarch64-apple-darwin24 --with-sysroot=/Library/Developer/CommandLineTools/SDKs/MacOSX15.sdk]
  ignore line: [Thread model: posix]
  ignore line: [Supported LTO compression algorithms: zlib zstd]
  ignore line: [gcc version 15.1.0 (Homebrew GCC 15.1.0) ]
  ignore line: [COMPILER_PATH=/opt/homebrew/Cellar/gcc/15.1.0/bin/../libexec/gcc/aarch64-apple-darwin24/15/:/opt/homebrew/Cellar/gcc/15.1.0/bin/../libexec/gcc/]
  ignore line: [LIBRARY_PATH=/opt/homebrew/Cellar/gcc/15.1.0/bin/../lib/gcc/current/gcc/aarch64-apple-darwin24/15/:/opt/homebrew/Cellar/gcc/15.1.0/bin/../lib/gcc/current/gcc/:/opt/homebrew/Cellar/gcc/15.1.0/bin/../lib/gcc/current/gcc/aarch64-apple-darwin24/15/../../../]
  ignore line: [COLLECT_GCC_OPTIONS='-isysroot' '/Library/Developer/CommandLineTools/SDKs/MacOSX15.5.sdk' '-v' '-o' 'cmTC_0a8dc' '-mmacosx-version-min=15.0.0' '-asm_macosx_version_min=15.0' '-nodefaultexport' '-mcpu=apple-m1' '-mlittle-endian' '-mabi=lp64' '-dumpdir' 'cmTC_0a8dc.']
  link line: [ /opt/homebrew/Cellar/gcc/15.1.0/bin/../libexec/gcc/aarch64-apple-darwin24/15/collect2 -demangle -dynamic -arch arm64 -syslibroot /Library/Developer/CommandLineTools/SDKs/MacOSX15.5.sdk -macos_version_min 15.0.0 -o cmTC_0a8dc -L/opt/homebrew/Cellar/gcc/15.1.0/bin/../lib/gcc/current/gcc/aarch64-apple-darwin24/15 -L/opt/homebrew/Cellar/gcc/15.1.0/bin/../lib/gcc/current/gcc -L/opt/homebrew/Cellar/gcc/15.1.0/bin/../lib/gcc/current/gcc/aarch64-apple-darwin24/15/../../.. -lemutls_w -lheapt_w -search_paths_first -headerpad_max_install_names -v CMakeFiles/cmTC_0a8dc.dir/CMakeCCompilerABI.c.o -lgcc -lSystem -no_compact_unwind -rpath @loader_path -rpath /opt/homebrew/Cellar/gcc/15.1.0/lib/gcc/current/gcc/aarch64-apple-darwin24/15 -rpath /opt/homebrew/Cellar/gcc/15.1.0/lib/gcc/current/gcc -rpath /opt/homebrew/Cellar/gcc/15.1.0/lib/gcc/current]
    arg [/opt/homebrew/Cellar/gcc/15.1.0/bin/../libexec/gcc/aarch64-apple-darwin24/15/collect2] ==> ignore
    arg [-demangle] ==> ignore
    arg [-dynamic] ==> ignore
    arg [-arch] ==> ignore
    arg [arm64] ==> ignore
    arg [-syslibroot] ==> ignore
    arg [/Library/Developer/CommandLineTools/SDKs/MacOSX15.5.sdk] ==> ignore
    arg [-macos_version_min] ==> ignore
    arg [15.0.0] ==> ignore
    arg [-o] ==> ignore
    arg [cmTC_0a8dc] ==> ignore
    arg [-L/opt/homebrew/Cellar/gcc/15.1.0/bin/../lib/gcc/current/gcc/aarch64-apple-darwin24/15] ==> dir [/opt/homebrew/Cellar/gcc/15.1.0/bin/../lib/gcc/current/gcc/aarch64-apple-darwin24/15]
    arg [-L/opt/homebrew/Cellar/gcc/15.1.0/bin/../lib/gcc/current/gcc] ==> dir [/opt/homebrew/Cellar/gcc/15.1.0/bin/../lib/gcc/current/gcc]
    arg [-L/opt/homebrew/Cellar/gcc/15.1.0/bin/../lib/gcc/current/gcc/aarch64-apple-darwin24/15/../../..] ==> dir [/opt/homebrew/Cellar/gcc/15.1.0/bin/../lib/gcc/current/gcc/aarch64-apple-darwin24/15/../../..]
    arg [-lemutls_w] ==> lib [emutls_w]
    arg [-lheapt_w] ==> lib [heapt_w]
    arg [-search_paths_first] ==> ignore
    arg [-headerpad_max_install_names] ==> ignore
    arg [-v] ==> ignore
    arg [CMakeFiles/cmTC_0a8dc.dir/CMakeCCompilerABI.c.o] ==> ignore
    arg [-lgcc] ==> lib [gcc]
    arg [-lSystem] ==> lib [System]
    arg [-no_compact_unwind] ==> ignore
    arg [-rpath] ==> ignore
    arg [@loader_path] ==> ignore
    arg [-rpath] ==> ignore
    arg [/opt/homebrew/Cellar/gcc/15.1.0/lib/gcc/current/gcc/aarch64-apple-darwin24/15] ==> ignore
    arg [-rpath] ==> ignore
    arg [/opt/homebrew/Cellar/gcc/15.1.0/lib/gcc/current/gcc] ==> ignore
    arg [-rpath] ==> ignore
    arg [/opt/homebrew/Cellar/gcc/15.1.0/lib/gcc/current] ==> ignore
  Library search paths: [;/opt/homebrew/Cellar/gcc/15.1.0/lib/gcc/current/gcc/aarch64-apple-darwin24/15;/opt/homebrew/Cellar/gcc/15.1.0/lib/gcc/current/gcc;/opt/homebrew/Cellar/gcc/15.1.0/lib/gcc/current;/Library/Developer/CommandLineTools/SDKs/MacOSX15.5.sdk/usr/lib;/Library/Developer/CommandLineTools/SDKs/MacOSX15.5.sdk/usr/lib/swift]
  Framework search paths: [;/Library/Developer/CommandLineTools/SDKs/MacOSX15.5.sdk/System/Library/Frameworks]
  remove lib [System]
  collapse library dir [/opt/homebrew/Cellar/gcc/15.1.0/bin/../lib/gcc/current/gcc/aarch64-apple-darwin24/15] ==> [/opt/homebrew/Cellar/gcc/15.1.0/lib/gcc/current/gcc/aarch64-apple-darwin24/15]
  collapse library dir [/opt/homebrew/Cellar/gcc/15.1.0/bin/../lib/gcc/current/gcc] ==> [/opt/homebrew/Cellar/gcc/15.1.0/lib/gcc/current/gcc]
  collapse library dir [/opt/homebrew/Cellar/gcc/15.1.0/bin/../lib/gcc/current/gcc/aarch64-apple-darwin24/15/../../..] ==> [/opt/homebrew/Cellar/gcc/15.1.0/lib/gcc/current]
  collapse library dir [/opt/homebrew/Cellar/gcc/15.1.0/lib/gcc/current/gcc/aarch64-apple-darwin24/15] ==> [/opt/homebrew/Cellar/gcc/15.1.0/lib/gcc/current/gcc/aarch64-apple-darwin24/15]
  collapse library dir [/opt/homebrew/Cellar/gcc/15.1.0/lib/gcc/current/gcc] ==> [/opt/homebrew/Cellar/gcc/15.1.0/lib/gcc/current/gcc]
  collapse library dir [/opt/homebrew/Cellar/gcc/15.1.0/lib/gcc/current] ==> [/opt/homebrew/Cellar/gcc/15.1.0/lib/gcc/current]
  collapse library dir [/Library/Developer/CommandLineTools/SDKs/MacOSX15.5.sdk/usr/lib] ==> [/Library/Developer/CommandLineTools/SDKs/MacOSX15.5.sdk/usr/lib]
  collapse library dir [/Library/Developer/CommandLineTools/SDKs/MacOSX15.5.sdk/usr/lib/swift] ==> [/Library/Developer/CommandLineTools/SDKs/MacOSX15.5.sdk/usr/lib/swift]
  collapse framework dir [/Library/Developer/CommandLineTools/SDKs/MacOSX15.5.sdk/System/Library/Frameworks] ==> [/Library/Developer/CommandLineTools/SDKs/MacOSX15.5.sdk/System/Library/Frameworks]
  implicit libs: [emutls_w;heapt_w;gcc]
  implicit objs: []
  implicit dirs: [/opt/homebrew/Cellar/gcc/15.1.0/lib/gcc/current/gcc/aarch64-apple-darwin24/15;/opt/homebrew/Cellar/gcc/15.1.0/lib/gcc/current/gcc;/opt/homebrew/Cellar/gcc/15.1.0/lib/gcc/current;/Library/Developer/CommandLineTools/SDKs/MacOSX15.5.sdk/usr/lib;/Library/Developer/CommandLineTools/SDKs/MacOSX15.5.sdk/usr/lib/swift]
  implicit fwks: [/Library/Developer/CommandLineTools/SDKs/MacOSX15.5.sdk/System/Library/Frameworks]


Detecting C OpenMP compiler ABI info compiled with the following output:
Change Dir: /Users/p/Documents/studium/TH_Köln/6_FS/PPRA/Projekt/fractals/github_repo/PPRA_Fractals/sources/Backend/c/cmake-build-debug/CMakeFiles/CMakeScratch/TryCompile-IUxAkz

Run Build Command(s):/Applications/CLion.app/Contents/bin/ninja/mac/ninja cmTC_98391 && [1/2] Building C object CMakeFiles/cmTC_98391.dir/OpenMPTryFlag.c.o
Using built-in specs.
COLLECT_GCC=/opt/homebrew/bin/gcc-15
Target: aarch64-apple-darwin24
Configured with: ../configure --prefix=/opt/homebrew/opt/gcc --libdir=/opt/homebrew/opt/gcc/lib/gcc/current --disable-nls --enable-checking=release --with-gcc-major-version-only --enable-languages=c,c++,objc,obj-c++,fortran --program-suffix=-15 --with-gmp=/opt/homebrew/opt/gmp --with-mpfr=/opt/homebrew/opt/mpfr --with-mpc=/opt/homebrew/opt/libmpc --with-isl=/opt/homebrew/opt/isl --with-zstd=/opt/homebrew/opt/zstd --with-pkgversion='Homebrew GCC 15.1.0' --with-bugurl=https://github.com/Homebrew/homebrew-core/issues --with-system-zlib --build=aarch64-apple-darwin24 --with-sysroot=/Library/Developer/CommandLineTools/SDKs/MacOSX15.sdk
Thread model: posix
Supported LTO compression algorithms: zlib zstd
gcc version 15.1.0 (Homebrew GCC 15.1.0) 
COLLECT_GCC_OPTIONS='-fdiagnostics-color=always' '-fopenmp' '-v' '-isysroot' '/Library/Developer/CommandLineTools/SDKs/MacOSX15.5.sdk' '-std=gnu11' '-o' 'CMakeFiles/cmTC_98391.dir/OpenMPTryFlag.c.o' '-c' '-mmacosx-version-min=15.0.0' '-asm_macosx_version_min=15.0' '-nodefaultexport' '-mcpu=apple-m1' '-mlittle-endian' '-mabi=lp64' '-dumpdir' 'CMakeFiles/cmTC_98391.dir/'
 /opt/homebrew/Cellar/gcc/15.1.0/bin/../libexec/gcc/aarch64-apple-darwin24/15/cc1 -quiet -v -iprefix /opt/homebrew/Cellar/gcc/15.1.0/bin/../lib/gcc/current/gcc/aarch64-apple-darwin24/15/ -D__DYNAMIC__ -isysroot /Library/Developer/CommandLineTools/SDKs/MacOSX15.5.sdk /Users/p/Documents/studium/TH_Köln/6_FS/PPRA/Projekt/fractals/github_repo/PPRA_Fractals/sources/Backend/c/cmake-build-debug/CMakeFiles/CMakeScratch/TryCompile-IUxAkz/OpenMPTryFlag.c -fPIC -quiet -dumpdir CMakeFiles/cmTC_98391.dir/ -dumpbase OpenMPTryFlag.c.c -dumpbase-ext .c -mmacosx-version-min=15.0.0 -mcpu=apple-m1 -mlittle-endian -mabi=lp64 -std=gnu11 -version -fdiagnostics-color=always -fopenmp -o /var/folders/36/8f711y692mg69kwmv2g8nkp00000gn/T//ccStGQPz.s
GNU C11 (Homebrew GCC 15.1.0) version 15.1.0 (aarch64-apple-darwin24)
	compiled by GNU C version 15.1.0, GMP version 6.3.0, MPFR version 4.2.2, MPC version 1.3.1, isl version isl-0.27-GMP

GGC heuristics: --param ggc-min-expand=100 --param ggc-min-heapsize=131072
ignoring nonexistent directory "/opt/homebrew/Cellar/gcc/15.1.0/bin/../lib/gcc/current/gcc/aarch64-apple-darwin24/15/../../../../../../aarch64-apple-darwin24/include"
ignoring duplicate directory "/opt/homebrew/Cellar/gcc/15.1.0/bin/../lib/gcc/current/gcc/../../../../lib/gcc/current/gcc/aarch64-apple-darwin24/15/include"
ignoring nonexistent directory "/Library/Developer/CommandLineTools/SDKs/MacOSX15.5.sdk/usr/local/include"
ignoring duplicate directory "/opt/homebrew/Cellar/gcc/15.1.0/bin/../lib/gcc/current/gcc/../../../../lib/gcc/current/gcc/aarch64-apple-darwin24/15/include-fixed"
ignoring nonexistent directory "/opt/homebrew/Cellar/gcc/15.1.0/bin/../lib/gcc/current/gcc/../../../../lib/gcc/current/gcc/aarch64-apple-darwin24/15/../../../../../../aarch64-apple-darwin24/include"
ignoring nonexistent directory "/Library/Developer/CommandLineTools/SDKs/MacOSX15.5.sdk/Library/Frameworks"
#include "..." search starts here:
#include <...> search starts here:
 /opt/homebrew/Cellar/gcc/15.1.0/bin/../lib/gcc/current/gcc/aarch64-apple-darwin24/15/include
 /opt/homebrew/Cellar/gcc/15.1.0/bin/../lib/gcc/current/gcc/aarch64-apple-darwin24/15/include-fixed
 /Library/Developer/CommandLineTools/SDKs/MacOSX15.5.sdk/usr/include
 /Library/Developer/CommandLineTools/SDKs/MacOSX15.5.sdk/System/Library/Frameworks
End of search list.
Compiler executable checksum: e7bd0a5e559155341ac508414b8242b3
COLLECT_GCC_OPTIONS='-fdiagnostics-color=always' '-fopenmp' '-v' '-isysroot' '/Library/Developer/CommandLineTools/SDKs/MacOSX15.5.sdk' '-std=gnu11' '-o' 'CMakeFiles/cmTC_98391.dir/OpenMPTryFlag.c.o' '-c' '-mmacosx-version-min=15.0.0'  '-nodefaultexport' '-mcpu=apple-m1' '-mlittle-endian' '-mabi=lp64' '-dumpdir' 'CMakeFiles/cmTC_98391.dir/'
 as -arch arm64 -v -mmacosx-version-min=15.0 -o CMakeFiles/cmTC_98391.dir/OpenMPTryFlag.c.o /var/folders/36/8f711y692mg69kwmv2g8nkp00000gn/T//ccStGQPz.s
Apple clang version 17.0.0 (clang-1700.0.13.5)
Target: arm64-apple-darwin24.5.0
Thread model: posix
InstalledDir: /Library/Developer/CommandLineTools/usr/bin
 "/Library/Developer/CommandLineTools/usr/bin/clang" -cc1as -triple arm64-apple-macosx15.0.0 -target-sdk-version=15.5 -filetype obj -main-file-name ccStGQPz.s -target-cpu apple-m1 -target-feature +zcm -target-feature +zcz -target-feature +v8.5a -target-feature +aes -target-feature +altnzcv -target-feature +ccdp -target-feature +complxnum -target-feature +crc -target-feature +dotprod -target-feature +fp-armv8 -target-feature +fp16fml -target-feature +fptoint -target-feature +fullfp16 -target-feature +jsconv -target-feature +lse -target-feature +neon -target-feature +pauth -target-feature +perfmon -target-feature +predres -target-feature +ras -target-feature +rcpc -target-feature +rdm -target-feature +sb -target-feature +sha2 -target-feature +sha3 -target-feature +specrestrict -target-feature +ssbs -fdebug-compilation-dir=/Users/p/Documents/studium/TH_Köln/6_FS/PPRA/Projekt/fractals/github_repo/PPRA_Fractals/sources/Backend/c/cmake-build-debug/CMakeFiles/CMakeScratch/TryCompile-IUxAkz -dwarf-debug-producer "Apple clang version 17.0.0 (clang-1700.0.13.5)" -dwarf-version=5 -mrelocation-model pic -o CMakeFiles/cmTC_98391.dir/OpenMPTryFlag.c.o /var/folders/36/8f711y692mg69kwmv2g8nkp00000gn/T//ccStGQPz.s
COMPILER_PATH=/opt/homebrew/Cellar/gcc/15.1.0/bin/../libexec/gcc/aarch64-apple-darwin24/15/:/opt/homebrew/Cellar/gcc/15.1.0/bin/../libexec/gcc/
LIBRARY_PATH=/opt/homebrew/Cellar/gcc/15.1.0/bin/../lib/gcc/current/gcc/aarch64-apple-darwin24/15/:/opt/homebrew/Cellar/gcc/15.1.0/bin/../lib/gcc/current/gcc/:/opt/homebrew/Cellar/gcc/15.1.0/bin/../lib/gcc/current/gcc/aarch64-apple-darwin24/15/../../../
COLLECT_GCC_OPTIONS='-fdiagnostics-color=always' '-fopenmp' '-v' '-isysroot' '/Library/Developer/CommandLineTools/SDKs/MacOSX15.5.sdk' '-std=gnu11' '-o' 'CMakeFiles/cmTC_98391.dir/OpenMPTryFlag.c.o' '-c' '-mmacosx-version-min=15.0.0'  '-nodefaultexport' '-mcpu=apple-m1' '-mlittle-endian' '-mabi=lp64' '-dumpdir' 'CMakeFiles/cmTC_98391.dir/OpenMPTryFlag.c.'
[2/2] Linking C executable cmTC_98391
Using built-in specs.
COLLECT_GCC=/opt/homebrew/bin/gcc-15
COLLECT_LTO_WRAPPER=/opt/homebrew/Cellar/gcc/15.1.0/bin/../libexec/gcc/aarch64-apple-darwin24/15/lto-wrapper
Target: aarch64-apple-darwin24
Configured with: ../configure --prefix=/opt/homebrew/opt/gcc --libdir=/opt/homebrew/opt/gcc/lib/gcc/current --disable-nls --enable-checking=release --with-gcc-major-version-only --enable-languages=c,c++,objc,obj-c++,fortran --program-suffix=-15 --with-gmp=/opt/homebrew/opt/gmp --with-mpfr=/opt/homebrew/opt/mpfr --with-mpc=/opt/homebrew/opt/libmpc --with-isl=/opt/homebrew/opt/isl --with-zstd=/opt/homebrew/opt/zstd --with-pkgversion='Homebrew GCC 15.1.0' --with-bugurl=https://github.com/Homebrew/homebrew-core/issues --with-system-zlib --build=aarch64-apple-darwin24 --with-sysroot=/Library/Developer/CommandLineTools/SDKs/MacOSX15.sdk
Thread model: posix
Supported LTO compression algorithms: zlib zstd
gcc version 15.1.0 (Homebrew GCC 15.1.0) 
COMPILER_PATH=/opt/homebrew/Cellar/gcc/15.1.0/bin/../libexec/gcc/aarch64-apple-darwin24/15/:/opt/homebrew/Cellar/gcc/15.1.0/bin/../libexec/gcc/
LIBRARY_PATH=/opt/homebrew/Cellar/gcc/15.1.0/bin/../lib/gcc/current/gcc/aarch64-apple-darwin24/15/:/opt/homebrew/Cellar/gcc/15.1.0/bin/../lib/gcc/current/gcc/:/opt/homebrew/Cellar/gcc/15.1.0/bin/../lib/gcc/current/gcc/aarch64-apple-darwin24/15/../../../
COLLECT_GCC_OPTIONS='-fopenmp' '-v' '-isysroot' '/Library/Developer/CommandLineTools/SDKs/MacOSX15.5.sdk' '-o' 'cmTC_98391' '-v' '-mmacosx-version-min=15.0.0' '-asm_macosx_version_min=15.0' '-nodefaultexport' '-mcpu=apple-m1' '-mlittle-endian' '-mabi=lp64' '-dumpdir' 'cmTC_98391.'
 /opt/homebrew/Cellar/gcc/15.1.0/bin/../libexec/gcc/aarch64-apple-darwin24/15/collect2 -demangle -dynamic -arch arm64 -syslibroot /Library/Developer/CommandLineTools/SDKs/MacOSX15.5.sdk -macos_version_min 15.0.0 -o cmTC_98391 -L/opt/homebrew/Cellar/gcc/15.1.0/bin/../lib/gcc/current/gcc/aarch64-apple-darwin24/15 -L/opt/homebrew/Cellar/gcc/15.1.0/bin/../lib/gcc/current/gcc -L/opt/homebrew/Cellar/gcc/15.1.0/bin/../lib/gcc/current/gcc/aarch64-apple-darwin24/15/../../.. -lemutls_w -lheapt_w -search_paths_first -headerpad_max_install_names CMakeFiles/cmTC_98391.dir/OpenMPTryFlag.c.o -v -lgomp -lgcc -lSystem -no_compact_unwind -rpath @loader_path -rpath /opt/homebrew/Cellar/gcc/15.1.0/lib/gcc/current/gcc/aarch64-apple-darwin24/15 -rpath /opt/homebrew/Cellar/gcc/15.1.0/lib/gcc/current/gcc -rpath /opt/homebrew/Cellar/gcc/15.1.0/lib/gcc/current
collect2 version 15.1.0
/usr/bin/ld -demangle -dynamic -arch arm64 -syslibroot /Library/Developer/CommandLineTools/SDKs/MacOSX15.5.sdk -macos_version_min 15.0.0 -o cmTC_98391 -L/opt/homebrew/Cellar/gcc/15.1.0/bin/../lib/gcc/current/gcc/aarch64-apple-darwin24/15 -L/opt/homebrew/Cellar/gcc/15.1.0/bin/../lib/gcc/current/gcc -L/opt/homebrew/Cellar/gcc/15.1.0/bin/../lib/gcc/current/gcc/aarch64-apple-darwin24/15/../../.. -lemutls_w -lheapt_w -search_paths_first -headerpad_max_install_names CMakeFiles/cmTC_98391.dir/OpenMPTryFlag.c.o -v -lgomp -lgcc -lSystem -no_compact_unwind -rpath @loader_path -rpath /opt/homebrew/Cellar/gcc/15.1.0/lib/gcc/current/gcc/aarch64-apple-darwin24/15 -rpath /opt/homebrew/Cellar/gcc/15.1.0/lib/gcc/current/gcc -rpath /opt/homebrew/Cellar/gcc/15.1.0/lib/gcc/current
@(#)PROGRAM:ld PROJECT:ld-1167.5
BUILD 01:45:05 Apr 30 2025
configured to support archs: armv6 armv7 armv7s arm64 arm64e arm64_32 i386 x86_64 x86_64h armv6m armv7k armv7m armv7em
will use ld-classic for: armv6 armv7 armv7s i386 armv6m armv7k armv7m armv7em
LTO support using: LLVM version 17.0.0 (static support for 29, runtime is 29)
TAPI support using: Apple TAPI version 17.0.0 (tapi-1700.0.3.5)
Library search paths:
	/opt/homebrew/Cellar/gcc/15.1.0/lib/gcc/current/gcc/aarch64-apple-darwin24/15
	/opt/homebrew/Cellar/gcc/15.1.0/lib/gcc/current/gcc
	/opt/homebrew/Cellar/gcc/15.1.0/lib/gcc/current
	/Library/Developer/CommandLineTools/SDKs/MacOSX15.5.sdk/usr/lib
	/Library/Developer/CommandLineTools/SDKs/MacOSX15.5.sdk/usr/lib/swift
Framework search paths:
	/Library/Developer/CommandLineTools/SDKs/MacOSX15.5.sdk/System/Library/Frameworks



Parsed C OpenMP implicit link information from above output:
  link line regex: [^( *|.*[/\])(ld|CMAKE_LINK_STARTFILE-NOTFOUND|([^/\]+-)?ld|collect2)[^/\]*( |$)]
  ignore line: [Change Dir: /Users/p/Documents/studium/TH_Köln/6_FS/PPRA/Projekt/fractals/github_repo/PPRA_Fractals/sources/Backend/c/cmake-build-debug/CMakeFiles/CMakeScratch/TryCompile-IUxAkz]
  ignore line: []
  ignore line: [Run Build Command(s):/Applications/CLion.app/Contents/bin/ninja/mac/ninja cmTC_98391 && [1/2] Building C object CMakeFiles/cmTC_98391.dir/OpenMPTryFlag.c.o]
  ignore line: [Using built-in specs.]
  ignore line: [COLLECT_GCC=/opt/homebrew/bin/gcc-15]
  ignore line: [Target: aarch64-apple-darwin24]
  ignore line: [Configured with: ../configure --prefix=/opt/homebrew/opt/gcc --libdir=/opt/homebrew/opt/gcc/lib/gcc/current --disable-nls --enable-checking=release --with-gcc-major-version-only --enable-languages=c c++ objc obj-c++ fortran --program-suffix=-15 --with-gmp=/opt/homebrew/opt/gmp --with-mpfr=/opt/homebrew/opt/mpfr --with-mpc=/opt/homebrew/opt/libmpc --with-isl=/opt/homebrew/opt/isl --with-zstd=/opt/homebrew/opt/zstd --with-pkgversion='Homebrew GCC 15.1.0' --with-bugurl=https://github.com/Homebrew/homebrew-core/issues --with-system-zlib --build=aarch64-apple-darwin24 --with-sysroot=/Library/Developer/CommandLineTools/SDKs/MacOSX15.sdk]
  ignore line: [Thread model: posix]
  ignore line: [Supported LTO compression algorithms: zlib zstd]
  ignore line: [gcc version 15.1.0 (Homebrew GCC 15.1.0) ]
  ignore line: [COLLECT_GCC_OPTIONS='-fdiagnostics-color=always' '-fopenmp' '-v' '-isysroot' '/Library/Developer/CommandLineTools/SDKs/MacOSX15.5.sdk' '-std=gnu11' '-o' 'CMakeFiles/cmTC_98391.dir/OpenMPTryFlag.c.o' '-c' '-mmacosx-version-min=15.0.0' '-asm_macosx_version_min=15.0' '-nodefaultexport' '-mcpu=apple-m1' '-mlittle-endian' '-mabi=lp64' '-dumpdir' 'CMakeFiles/cmTC_98391.dir/']
  ignore line: [ /opt/homebrew/Cellar/gcc/15.1.0/bin/../libexec/gcc/aarch64-apple-darwin24/15/cc1 -quiet -v -iprefix /opt/homebrew/Cellar/gcc/15.1.0/bin/../lib/gcc/current/gcc/aarch64-apple-darwin24/15/ -D__DYNAMIC__ -isysroot /Library/Developer/CommandLineTools/SDKs/MacOSX15.5.sdk /Users/p/Documents/studium/TH_Köln/6_FS/PPRA/Projekt/fractals/github_repo/PPRA_Fractals/sources/Backend/c/cmake-build-debug/CMakeFiles/CMakeScratch/TryCompile-IUxAkz/OpenMPTryFlag.c -fPIC -quiet -dumpdir CMakeFiles/cmTC_98391.dir/ -dumpbase OpenMPTryFlag.c.c -dumpbase-ext .c -mmacosx-version-min=15.0.0 -mcpu=apple-m1 -mlittle-endian -mabi=lp64 -std=gnu11 -version -fdiagnostics-color=always -fopenmp -o /var/folders/36/8f711y692mg69kwmv2g8nkp00000gn/T//ccStGQPz.s]
  ignore line: [GNU C11 (Homebrew GCC 15.1.0) version 15.1.0 (aarch64-apple-darwin24)]
  ignore line: [	compiled by GNU C version 15.1.0  GMP version 6.3.0  MPFR version 4.2.2  MPC version 1.3.1  isl version isl-0.27-GMP]
  ignore line: []
  ignore line: [GGC heuristics: --param ggc-min-expand=100 --param ggc-min-heapsize=131072]
  ignore line: [ignoring nonexistent directory "/opt/homebrew/Cellar/gcc/15.1.0/bin/../lib/gcc/current/gcc/aarch64-apple-darwin24/15/../../../../../../aarch64-apple-darwin24/include"]
  ignore line: [ignoring duplicate directory "/opt/homebrew/Cellar/gcc/15.1.0/bin/../lib/gcc/current/gcc/../../../../lib/gcc/current/gcc/aarch64-apple-darwin24/15/include"]
  ignore line: [ignoring nonexistent directory "/Library/Developer/CommandLineTools/SDKs/MacOSX15.5.sdk/usr/local/include"]
  ignore line: [ignoring duplicate directory "/opt/homebrew/Cellar/gcc/15.1.0/bin/../lib/gcc/current/gcc/../../../../lib/gcc/current/gcc/aarch64-apple-darwin24/15/include-fixed"]
  ignore line: [ignoring nonexistent directory "/opt/homebrew/Cellar/gcc/15.1.0/bin/../lib/gcc/current/gcc/../../../../lib/gcc/current/gcc/aarch64-apple-darwin24/15/../../../../../../aarch64-apple-darwin24/include"]
  ignore line: [ignoring nonexistent directory "/Library/Developer/CommandLineTools/SDKs/MacOSX15.5.sdk/Library/Frameworks"]
  ignore line: [#include "..." search starts here:]
  ignore line: [#include <...> search starts here:]
  ignore line: [ /opt/homebrew/Cellar/gcc/15.1.0/bin/../lib/gcc/current/gcc/aarch64-apple-darwin24/15/include]
  ignore line: [ /opt/homebrew/Cellar/gcc/15.1.0/bin/../lib/gcc/current/gcc/aarch64-apple-darwin24/15/include-fixed]
  ignore line: [ /Library/Developer/CommandLineTools/SDKs/MacOSX15.5.sdk/usr/include]
  ignore line: [ /Library/Developer/CommandLineTools/SDKs/MacOSX15.5.sdk/System/Library/Frameworks]
  ignore line: [End of search list.]
  ignore line: [Compiler executable checksum: e7bd0a5e559155341ac508414b8242b3]
  ignore line: [COLLECT_GCC_OPTIONS='-fdiagnostics-color=always' '-fopenmp' '-v' '-isysroot' '/Library/Developer/CommandLineTools/SDKs/MacOSX15.5.sdk' '-std=gnu11' '-o' 'CMakeFiles/cmTC_98391.dir/OpenMPTryFlag.c.o' '-c' '-mmacosx-version-min=15.0.0'  '-nodefaultexport' '-mcpu=apple-m1' '-mlittle-endian' '-mabi=lp64' '-dumpdir' 'CMakeFiles/cmTC_98391.dir/']
  ignore line: [ as -arch arm64 -v -mmacosx-version-min=15.0 -o CMakeFiles/cmTC_98391.dir/OpenMPTryFlag.c.o /var/folders/36/8f711y692mg69kwmv2g8nkp00000gn/T//ccStGQPz.s]
  ignore line: [Apple clang version 17.0.0 (clang-1700.0.13.5)]
  ignore line: [Target: arm64-apple-darwin24.5.0]
  ignore line: [Thread model: posix]
  ignore line: [InstalledDir: /Library/Developer/CommandLineTools/usr/bin]
  ignore line: [ "/Library/Developer/CommandLineTools/usr/bin/clang" -cc1as -triple arm64-apple-macosx15.0.0 -target-sdk-version=15.5 -filetype obj -main-file-name ccStGQPz.s -target-cpu apple-m1 -target-feature +zcm -target-feature +zcz -target-feature +v8.5a -target-feature +aes -target-feature +altnzcv -target-feature +ccdp -target-feature +complxnum -target-feature +crc -target-feature +dotprod -target-feature +fp-armv8 -target-feature +fp16fml -target-feature +fptoint -target-feature +fullfp16 -target-feature +jsconv -target-feature +lse -target-feature +neon -target-feature +pauth -target-feature +perfmon -target-feature +predres -target-feature +ras -target-feature +rcpc -target-feature +rdm -target-feature +sb -target-feature +sha2 -target-feature +sha3 -target-feature +specrestrict -target-feature +ssbs -fdebug-compilation-dir=/Users/p/Documents/studium/TH_Köln/6_FS/PPRA/Projekt/fractals/github_repo/PPRA_Fractals/sources/Backend/c/cmake-build-debug/CMakeFiles/CMakeScratch/TryCompile-IUxAkz -dwarf-debug-producer "Apple clang version 17.0.0 (clang-1700.0.13.5)" -dwarf-version=5 -mrelocation-model pic -o CMakeFiles/cmTC_98391.dir/OpenMPTryFlag.c.o /var/folders/36/8f711y692mg69kwmv2g8nkp00000gn/T//ccStGQPz.s]
  ignore line: [COMPILER_PATH=/opt/homebrew/Cellar/gcc/15.1.0/bin/../libexec/gcc/aarch64-apple-darwin24/15/:/opt/homebrew/Cellar/gcc/15.1.0/bin/../libexec/gcc/]
  ignore line: [LIBRARY_PATH=/opt/homebrew/Cellar/gcc/15.1.0/bin/../lib/gcc/current/gcc/aarch64-apple-darwin24/15/:/opt/homebrew/Cellar/gcc/15.1.0/bin/../lib/gcc/current/gcc/:/opt/homebrew/Cellar/gcc/15.1.0/bin/../lib/gcc/current/gcc/aarch64-apple-darwin24/15/../../../]
  ignore line: [COLLECT_GCC_OPTIONS='-fdiagnostics-color=always' '-fopenmp' '-v' '-isysroot' '/Library/Developer/CommandLineTools/SDKs/MacOSX15.5.sdk' '-std=gnu11' '-o' 'CMakeFiles/cmTC_98391.dir/OpenMPTryFlag.c.o' '-c' '-mmacosx-version-min=15.0.0'  '-nodefaultexport' '-mcpu=apple-m1' '-mlittle-endian' '-mabi=lp64' '-dumpdir' 'CMakeFiles/cmTC_98391.dir/OpenMPTryFlag.c.']
  ignore line: [[2/2] Linking C executable cmTC_98391]
  ignore line: [Using built-in specs.]
  ignore line: [COLLECT_GCC=/opt/homebrew/bin/gcc-15]
  ignore line: [COLLECT_LTO_WRAPPER=/opt/homebrew/Cellar/gcc/15.1.0/bin/../libexec/gcc/aarch64-apple-darwin24/15/lto-wrapper]
  ignore line: [Target: aarch64-apple-darwin24]
  ignore line: [Configured with: ../configure --prefix=/opt/homebrew/opt/gcc --libdir=/opt/homebrew/opt/gcc/lib/gcc/current --disable-nls --enable-checking=release --with-gcc-major-version-only --enable-languages=c c++ objc obj-c++ fortran --program-suffix=-15 --with-gmp=/opt/homebrew/opt/gmp --with-mpfr=/opt/homebrew/opt/mpfr --with-mpc=/opt/homebrew/opt/libmpc --with-isl=/opt/homebrew/opt/isl --with-zstd=/opt/homebrew/opt/zstd --with-pkgversion='Homebrew GCC 15.1.0' --with-bugurl=https://github.com/Homebrew/homebrew-core/issues --with-system-zlib --build=aarch64-apple-darwin24 --with-sysroot=/Library/Developer/CommandLineTools/SDKs/MacOSX15.sdk]
  ignore line: [Thread model: posix]
  ignore line: [Supported LTO compression algorithms: zlib zstd]
  ignore line: [gcc version 15.1.0 (Homebrew GCC 15.1.0) ]
  ignore line: [COMPILER_PATH=/opt/homebrew/Cellar/gcc/15.1.0/bin/../libexec/gcc/aarch64-apple-darwin24/15/:/opt/homebrew/Cellar/gcc/15.1.0/bin/../libexec/gcc/]
  ignore line: [LIBRARY_PATH=/opt/homebrew/Cellar/gcc/15.1.0/bin/../lib/gcc/current/gcc/aarch64-apple-darwin24/15/:/opt/homebrew/Cellar/gcc/15.1.0/bin/../lib/gcc/current/gcc/:/opt/homebrew/Cellar/gcc/15.1.0/bin/../lib/gcc/current/gcc/aarch64-apple-darwin24/15/../../../]
  ignore line: [COLLECT_GCC_OPTIONS='-fopenmp' '-v' '-isysroot' '/Library/Developer/CommandLineTools/SDKs/MacOSX15.5.sdk' '-o' 'cmTC_98391' '-v' '-mmacosx-version-min=15.0.0' '-asm_macosx_version_min=15.0' '-nodefaultexport' '-mcpu=apple-m1' '-mlittle-endian' '-mabi=lp64' '-dumpdir' 'cmTC_98391.']
  link line: [ /opt/homebrew/Cellar/gcc/15.1.0/bin/../libexec/gcc/aarch64-apple-darwin24/15/collect2 -demangle -dynamic -arch arm64 -syslibroot /Library/Developer/CommandLineTools/SDKs/MacOSX15.5.sdk -macos_version_min 15.0.0 -o cmTC_98391 -L/opt/homebrew/Cellar/gcc/15.1.0/bin/../lib/gcc/current/gcc/aarch64-apple-darwin24/15 -L/opt/homebrew/Cellar/gcc/15.1.0/bin/../lib/gcc/current/gcc -L/opt/homebrew/Cellar/gcc/15.1.0/bin/../lib/gcc/current/gcc/aarch64-apple-darwin24/15/../../.. -lemutls_w -lheapt_w -search_paths_first -headerpad_max_install_names CMakeFiles/cmTC_98391.dir/OpenMPTryFlag.c.o -v -lgomp -lgcc -lSystem -no_compact_unwind -rpath @loader_path -rpath /opt/homebrew/Cellar/gcc/15.1.0/lib/gcc/current/gcc/aarch64-apple-darwin24/15 -rpath /opt/homebrew/Cellar/gcc/15.1.0/lib/gcc/current/gcc -rpath /opt/homebrew/Cellar/gcc/15.1.0/lib/gcc/current]
    arg [/opt/homebrew/Cellar/gcc/15.1.0/bin/../libexec/gcc/aarch64-apple-darwin24/15/collect2] ==> ignore
    arg [-demangle] ==> ignore
    arg [-dynamic] ==> ignore
    arg [-arch] ==> ignore
    arg [arm64] ==> ignore
    arg [-syslibroot] ==> ignore
    arg [/Library/Developer/CommandLineTools/SDKs/MacOSX15.5.sdk] ==> ignore
    arg [-macos_version_min] ==> ignore
    arg [15.0.0] ==> ignore
    arg [-o] ==> ignore
    arg [cmTC_98391] ==> ignore
    arg [-L/opt/homebrew/Cellar/gcc/15.1.0/bin/../lib/gcc/current/gcc/aarch64-apple-darwin24/15] ==> dir [/opt/homebrew/Cellar/gcc/15.1.0/bin/../lib/gcc/current/gcc/aarch64-apple-darwin24/15]
    arg [-L/opt/homebrew/Cellar/gcc/15.1.0/bin/../lib/gcc/current/gcc] ==> dir [/opt/homebrew/Cellar/gcc/15.1.0/bin/../lib/gcc/current/gcc]
    arg [-L/opt/homebrew/Cellar/gcc/15.1.0/bin/../lib/gcc/current/gcc/aarch64-apple-darwin24/15/../../..] ==> dir [/opt/homebrew/Cellar/gcc/15.1.0/bin/../lib/gcc/current/gcc/aarch64-apple-darwin24/15/../../..]
    arg [-lemutls_w] ==> lib [emutls_w]
    arg [-lheapt_w] ==> lib [heapt_w]
    arg [-search_paths_first] ==> ignore
    arg [-headerpad_max_install_names] ==> ignore
    arg [CMakeFiles/cmTC_98391.dir/OpenMPTryFlag.c.o] ==> ignore
    arg [-v] ==> ignore
    arg [-lgomp] ==> lib [gomp]
    arg [-lgcc] ==> lib [gcc]
    arg [-lSystem] ==> lib [System]
    arg [-no_compact_unwind] ==> ignore
    arg [-rpath] ==> ignore
    arg [@loader_path] ==> ignore
    arg [-rpath] ==> ignore
    arg [/opt/homebrew/Cellar/gcc/15.1.0/lib/gcc/current/gcc/aarch64-apple-darwin24/15] ==> ignore
    arg [-rpath] ==> ignore
    arg [/opt/homebrew/Cellar/gcc/15.1.0/lib/gcc/current/gcc] ==> ignore
    arg [-rpath] ==> ignore
    arg [/opt/homebrew/Cellar/gcc/15.1.0/lib/gcc/current] ==> ignore
  Library search paths: [;/opt/homebrew/Cellar/gcc/15.1.0/lib/gcc/current/gcc/aarch64-apple-darwin24/15;/opt/homebrew/Cellar/gcc/15.1.0/lib/gcc/current/gcc;/opt/homebrew/Cellar/gcc/15.1.0/lib/gcc/current;/Library/Developer/CommandLineTools/SDKs/MacOSX15.5.sdk/usr/lib;/Library/Developer/CommandLineTools/SDKs/MacOSX15.5.sdk/usr/lib/swift]
  Framework search paths: [;/Library/Developer/CommandLineTools/SDKs/MacOSX15.5.sdk/System/Library/Frameworks]
  remove lib [System]
  collapse library dir [/opt/homebrew/Cellar/gcc/15.1.0/bin/../lib/gcc/current/gcc/aarch64-apple-darwin24/15] ==> [/opt/homebrew/Cellar/gcc/15.1.0/lib/gcc/current/gcc/aarch64-apple-darwin24/15]
  collapse library dir [/opt/homebrew/Cellar/gcc/15.1.0/bin/../lib/gcc/current/gcc] ==> [/opt/homebrew/Cellar/gcc/15.1.0/lib/gcc/current/gcc]
  collapse library dir [/opt/homebrew/Cellar/gcc/15.1.0/bin/../lib/gcc/current/gcc/aarch64-apple-darwin24/15/../../..] ==> [/opt/homebrew/Cellar/gcc/15.1.0/lib/gcc/current]
  collapse library dir [/opt/homebrew/Cellar/gcc/15.1.0/lib/gcc/current/gcc/aarch64-apple-darwin24/15] ==> [/opt/homebrew/Cellar/gcc/15.1.0/lib/gcc/current/gcc/aarch64-apple-darwin24/15]
  collapse library dir [/opt/homebrew/Cellar/gcc/15.1.0/lib/gcc/current/gcc] ==> [/opt/homebrew/Cellar/gcc/15.1.0/lib/gcc/current/gcc]
  collapse library dir [/opt/homebrew/Cellar/gcc/15.1.0/lib/gcc/current] ==> [/opt/homebrew/Cellar/gcc/15.1.0/lib/gcc/current]
  collapse library dir [/Library/Developer/CommandLineTools/SDKs/MacOSX15.5.sdk/usr/lib] ==> [/Library/Developer/CommandLineTools/SDKs/MacOSX15.5.sdk/usr/lib]
  collapse library dir [/Library/Developer/CommandLineTools/SDKs/MacOSX15.5.sdk/usr/lib/swift] ==> [/Library/Developer/CommandLineTools/SDKs/MacOSX15.5.sdk/usr/lib/swift]
  collapse framework dir [/Library/Developer/CommandLineTools/SDKs/MacOSX15.5.sdk/System/Library/Frameworks] ==> [/Library/Developer/CommandLineTools/SDKs/MacOSX15.5.sdk/System/Library/Frameworks]
  implicit libs: [emutls_w;heapt_w;gomp;gcc]
  implicit objs: []
  implicit dirs: [/opt/homebrew/Cellar/gcc/15.1.0/lib/gcc/current/gcc/aarch64-apple-darwin24/15;/opt/homebrew/Cellar/gcc/15.1.0/lib/gcc/current/gcc;/opt/homebrew/Cellar/gcc/15.1.0/lib/gcc/current;/Library/Developer/CommandLineTools/SDKs/MacOSX15.5.sdk/usr/lib;/Library/Developer/CommandLineTools/SDKs/MacOSX15.5.sdk/usr/lib/swift]
  implicit fwks: [/Library/Developer/CommandLineTools/SDKs/MacOSX15.5.sdk/System/Library/Frameworks]


